2024-06-14 10:19:05,565 INFO client.RMProxy: Connecting to ResourceManager at hadoop-namenode/10.1.1.38:8032
2024-06-14 10:19:05,974 INFO mapreduce.JobResourceUploader: Disabling Erasure Coding for path: /tmp/hadoop-yarn/staging/hadoop/.staging/job_1718201911254_0144
2024-06-14 10:19:06,105 INFO sasl.SaslDataTransferClient: SASL encryption trust check: localHostTrusted = false, remoteHostTrusted = false
2024-06-14 10:19:06,288 INFO input.FileInputFormat: Total input files to process : 1
2024-06-14 10:19:06,324 INFO sasl.SaslDataTransferClient: SASL encryption trust check: localHostTrusted = false, remoteHostTrusted = false
2024-06-14 10:19:06,367 INFO sasl.SaslDataTransferClient: SASL encryption trust check: localHostTrusted = false, remoteHostTrusted = false
2024-06-14 10:19:06,381 INFO mapreduce.JobSubmitter: number of splits:11
2024-06-14 10:19:06,500 INFO sasl.SaslDataTransferClient: SASL encryption trust check: localHostTrusted = false, remoteHostTrusted = false
2024-06-14 10:19:06,525 INFO mapreduce.JobSubmitter: Submitting tokens for job: job_1718201911254_0144
2024-06-14 10:19:06,525 INFO mapreduce.JobSubmitter: Executing with tokens: []
2024-06-14 10:19:06,742 INFO conf.Configuration: resource-types.xml not found
2024-06-14 10:19:06,743 INFO resource.ResourceUtils: Unable to find 'resource-types.xml'.
2024-06-14 10:19:06,832 INFO impl.YarnClientImpl: Submitted application application_1718201911254_0144
2024-06-14 10:19:06,872 INFO mapreduce.Job: The url to track the job: http://hadoop-namenode:8088/proxy/application_1718201911254_0144/
2024-06-14 10:19:06,873 INFO mapreduce.Job: Running job: job_1718201911254_0144
2024-06-14 10:19:13,128 INFO mapreduce.Job: Job job_1718201911254_0144 running in uber mode : false
2024-06-14 10:19:13,132 INFO mapreduce.Job:  map 0% reduce 0%
2024-06-14 10:19:29,341 INFO mapreduce.Job:  map 5% reduce 0%
2024-06-14 10:19:31,362 INFO mapreduce.Job:  map 22% reduce 0%
2024-06-14 10:19:32,389 INFO mapreduce.Job:  map 26% reduce 0%
2024-06-14 10:19:35,408 INFO mapreduce.Job:  map 31% reduce 0%
2024-06-14 10:19:36,417 INFO mapreduce.Job:  map 45% reduce 0%
2024-06-14 10:19:47,544 INFO mapreduce.Job:  map 51% reduce 0%
2024-06-14 10:19:49,565 INFO mapreduce.Job:  map 55% reduce 0%
2024-06-14 10:19:51,585 INFO mapreduce.Job:  map 59% reduce 0%
2024-06-14 10:19:52,597 INFO mapreduce.Job:  map 63% reduce 0%
2024-06-14 10:19:53,612 INFO mapreduce.Job:  map 68% reduce 0%
2024-06-14 10:19:54,626 INFO mapreduce.Job:  map 68% reduce 18%
2024-06-14 10:19:56,654 INFO mapreduce.Job:  map 82% reduce 18%
2024-06-14 10:20:00,705 INFO mapreduce.Job:  map 82% reduce 27%
2024-06-14 10:20:04,745 INFO mapreduce.Job:  map 87% reduce 27%
2024-06-14 10:20:06,766 INFO mapreduce.Job:  map 91% reduce 27%
2024-06-14 10:20:11,812 INFO mapreduce.Job:  map 97% reduce 27%
2024-06-14 10:20:12,822 INFO mapreduce.Job:  map 100% reduce 100%
2024-06-14 10:20:13,855 INFO mapreduce.Job: Job job_1718201911254_0144 completed successfully
2024-06-14 10:20:13,991 INFO mapreduce.Job: Counters: 55
	File System Counters
		FILE: Number of bytes read=3438
		FILE: Number of bytes written=2628082
		FILE: Number of read operations=0
		FILE: Number of large read operations=0
		FILE: Number of write operations=0
		HDFS: Number of bytes read=1455287719
		HDFS: Number of bytes written=542
		HDFS: Number of read operations=38
		HDFS: Number of large read operations=0
		HDFS: Number of write operations=2
	Job Counters 
		Killed map tasks=1
		Launched map tasks=12
		Launched reduce tasks=1
		Data-local map tasks=12
		Total time spent by all maps in occupied slots (ms)=3290272
		Total time spent by all reduces in occupied slots (ms)=555536
		Total time spent by all map tasks (ms)=205642
		Total time spent by all reduce tasks (ms)=34721
		Total vcore-milliseconds taken by all map tasks=205642
		Total vcore-milliseconds taken by all reduce tasks=34721
		Total megabyte-milliseconds taken by all map tasks=421154816
		Total megabyte-milliseconds taken by all reduce tasks=71108608
	Map-Reduce Framework
		Map input records=8327280
		Map output records=286
		Map output bytes=2860
		Map output materialized bytes=3498
		Input split bytes=1320
		Combine input records=286
		Combine output records=286
		Reduce input groups=26
		Reduce shuffle bytes=3498
		Reduce input records=286
		Reduce output records=26
		Spilled Records=572
		Shuffled Maps =11
		Failed Shuffles=0
		Merged Map outputs=11
		GC time elapsed (ms)=2421
		CPU time spent (ms)=170650
		Physical memory (bytes) snapshot=7613579264
		Virtual memory (bytes) snapshot=46424178688
		Total committed heap usage (bytes)=7237795840
		Peak Map Physical memory (bytes)=790093824
		Peak Map Virtual memory (bytes)=3869683712
		Peak Reduce Physical memory (bytes)=212443136
		Peak Reduce Virtual memory (bytes)=3875098624
	LetterFreq
		total=1151293810
	Shuffle Errors
		BAD_ID=0
		CONNECTION=0
		IO_ERROR=0
		WRONG_LENGTH=0
		WRONG_MAP=0
		WRONG_REDUCE=0
	File Input Format Counters 
		Bytes Read=1455286399
	File Output Format Counters 
		Bytes Written=542
2024-06-14 10:20:14,046 INFO client.RMProxy: Connecting to ResourceManager at hadoop-namenode/10.1.1.38:8032
2024-06-14 10:20:14,068 INFO mapreduce.JobResourceUploader: Disabling Erasure Coding for path: /tmp/hadoop-yarn/staging/hadoop/.staging/job_1718201911254_0145
2024-06-14 10:20:14,082 INFO sasl.SaslDataTransferClient: SASL encryption trust check: localHostTrusted = false, remoteHostTrusted = false
2024-06-14 10:20:14,121 INFO input.FileInputFormat: Total input files to process : 1
2024-06-14 10:20:14,128 INFO sasl.SaslDataTransferClient: SASL encryption trust check: localHostTrusted = false, remoteHostTrusted = false
2024-06-14 10:20:14,162 INFO sasl.SaslDataTransferClient: SASL encryption trust check: localHostTrusted = false, remoteHostTrusted = false
2024-06-14 10:20:14,179 INFO mapreduce.JobSubmitter: number of splits:1
2024-06-14 10:20:14,215 INFO sasl.SaslDataTransferClient: SASL encryption trust check: localHostTrusted = false, remoteHostTrusted = false
2024-06-14 10:20:14,250 INFO mapreduce.JobSubmitter: Submitting tokens for job: job_1718201911254_0145
2024-06-14 10:20:14,250 INFO mapreduce.JobSubmitter: Executing with tokens: []
2024-06-14 10:20:14,280 INFO impl.YarnClientImpl: Submitted application application_1718201911254_0145
2024-06-14 10:20:14,289 INFO mapreduce.Job: The url to track the job: http://hadoop-namenode:8088/proxy/application_1718201911254_0145/
2024-06-14 10:20:14,289 INFO mapreduce.Job: Running job: job_1718201911254_0145
2024-06-14 10:20:25,412 INFO mapreduce.Job: Job job_1718201911254_0145 running in uber mode : false
2024-06-14 10:20:25,414 INFO mapreduce.Job:  map 0% reduce 0%
2024-06-14 10:20:30,473 INFO mapreduce.Job:  map 100% reduce 0%
2024-06-14 10:20:35,525 INFO mapreduce.Job:  map 100% reduce 100%
2024-06-14 10:20:35,541 INFO mapreduce.Job: Job job_1718201911254_0145 completed successfully
2024-06-14 10:20:35,580 INFO mapreduce.Job: Counters: 53
	File System Counters
		FILE: Number of bytes read=318
		FILE: Number of bytes written=437333
		FILE: Number of read operations=0
		FILE: Number of large read operations=0
		FILE: Number of write operations=0
		HDFS: Number of bytes read=663
		HDFS: Number of bytes written=588
		HDFS: Number of read operations=9
		HDFS: Number of large read operations=0
		HDFS: Number of write operations=2
	Job Counters 
		Launched map tasks=1
		Launched reduce tasks=1
		Data-local map tasks=1
		Total time spent by all maps in occupied slots (ms)=42768
		Total time spent by all reduces in occupied slots (ms)=43648
		Total time spent by all map tasks (ms)=2673
		Total time spent by all reduce tasks (ms)=2728
		Total vcore-milliseconds taken by all map tasks=2673
		Total vcore-milliseconds taken by all reduce tasks=2728
		Total megabyte-milliseconds taken by all map tasks=5474304
		Total megabyte-milliseconds taken by all reduce tasks=5586944
	Map-Reduce Framework
		Map input records=26
		Map output records=26
		Map output bytes=260
		Map output materialized bytes=318
		Input split bytes=121
		Combine input records=0
		Combine output records=0
		Reduce input groups=26
		Reduce shuffle bytes=318
		Reduce input records=26
		Reduce output records=26
		Spilled Records=52
		Shuffled Maps =1
		Failed Shuffles=0
		Merged Map outputs=1
		GC time elapsed (ms)=155
		CPU time spent (ms)=1040
		Physical memory (bytes) snapshot=518303744
		Virtual memory (bytes) snapshot=7741235200
		Total committed heap usage (bytes)=447741952
		Peak Map Physical memory (bytes)=307011584
		Peak Map Virtual memory (bytes)=3866124288
		Peak Reduce Physical memory (bytes)=211292160
		Peak Reduce Virtual memory (bytes)=3875110912
	Shuffle Errors
		BAD_ID=0
		CONNECTION=0
		IO_ERROR=0
		WRONG_LENGTH=0
		WRONG_MAP=0
		WRONG_REDUCE=0
	File Input Format Counters 
		Bytes Read=542
	File Output Format Counters 
		Bytes Written=588
Execution time: 91.15s
