2024-06-14 10:20:39,945 INFO client.RMProxy: Connecting to ResourceManager at hadoop-namenode/10.1.1.38:8032
2024-06-14 10:20:40,348 INFO mapreduce.JobResourceUploader: Disabling Erasure Coding for path: /tmp/hadoop-yarn/staging/hadoop/.staging/job_1718201911254_0146
2024-06-14 10:20:40,464 INFO sasl.SaslDataTransferClient: SASL encryption trust check: localHostTrusted = false, remoteHostTrusted = false
2024-06-14 10:20:40,669 INFO input.FileInputFormat: Total input files to process : 1
2024-06-14 10:20:40,707 INFO sasl.SaslDataTransferClient: SASL encryption trust check: localHostTrusted = false, remoteHostTrusted = false
2024-06-14 10:20:40,743 INFO sasl.SaslDataTransferClient: SASL encryption trust check: localHostTrusted = false, remoteHostTrusted = false
2024-06-14 10:20:40,762 INFO mapreduce.JobSubmitter: number of splits:9
2024-06-14 10:20:40,911 INFO sasl.SaslDataTransferClient: SASL encryption trust check: localHostTrusted = false, remoteHostTrusted = false
2024-06-14 10:20:40,937 INFO mapreduce.JobSubmitter: Submitting tokens for job: job_1718201911254_0146
2024-06-14 10:20:40,937 INFO mapreduce.JobSubmitter: Executing with tokens: []
2024-06-14 10:20:41,133 INFO conf.Configuration: resource-types.xml not found
2024-06-14 10:20:41,133 INFO resource.ResourceUtils: Unable to find 'resource-types.xml'.
2024-06-14 10:20:41,209 INFO impl.YarnClientImpl: Submitted application application_1718201911254_0146
2024-06-14 10:20:41,244 INFO mapreduce.Job: The url to track the job: http://hadoop-namenode:8088/proxy/application_1718201911254_0146/
2024-06-14 10:20:41,245 INFO mapreduce.Job: Running job: job_1718201911254_0146
2024-06-14 10:20:47,375 INFO mapreduce.Job: Job job_1718201911254_0146 running in uber mode : false
2024-06-14 10:20:47,379 INFO mapreduce.Job:  map 0% reduce 0%
2024-06-14 10:21:03,637 INFO mapreduce.Job:  map 10% reduce 0%
2024-06-14 10:21:05,673 INFO mapreduce.Job:  map 22% reduce 0%
2024-06-14 10:21:07,711 INFO mapreduce.Job:  map 27% reduce 0%
2024-06-14 10:21:08,744 INFO mapreduce.Job:  map 44% reduce 0%
2024-06-14 10:21:09,754 INFO mapreduce.Job:  map 50% reduce 0%
2024-06-14 10:21:13,801 INFO mapreduce.Job:  map 56% reduce 0%
2024-06-14 10:21:23,928 INFO mapreduce.Job:  map 61% reduce 0%
2024-06-14 10:21:24,936 INFO mapreduce.Job:  map 67% reduce 0%
2024-06-14 10:21:25,948 INFO mapreduce.Job:  map 73% reduce 19%
2024-06-14 10:21:26,959 INFO mapreduce.Job:  map 78% reduce 19%
2024-06-14 10:21:28,976 INFO mapreduce.Job:  map 95% reduce 19%
2024-06-14 10:21:32,010 INFO mapreduce.Job:  map 100% reduce 30%
2024-06-14 10:21:33,016 INFO mapreduce.Job:  map 100% reduce 100%
2024-06-14 10:21:33,033 INFO mapreduce.Job: Job job_1718201911254_0146 completed successfully
2024-06-14 10:21:33,164 INFO mapreduce.Job: Counters: 56
	File System Counters
		FILE: Number of bytes read=2814
		FILE: Number of bytes written=2189947
		FILE: Number of read operations=0
		FILE: Number of large read operations=0
		FILE: Number of write operations=0
		HDFS: Number of bytes read=1211162258
		HDFS: Number of bytes written=542
		HDFS: Number of read operations=32
		HDFS: Number of large read operations=0
		HDFS: Number of write operations=2
	Job Counters 
		Killed map tasks=1
		Launched map tasks=10
		Launched reduce tasks=1
		Data-local map tasks=8
		Rack-local map tasks=2
		Total time spent by all maps in occupied slots (ms)=2716208
		Total time spent by all reduces in occupied slots (ms)=341600
		Total time spent by all map tasks (ms)=169763
		Total time spent by all reduce tasks (ms)=21350
		Total vcore-milliseconds taken by all map tasks=169763
		Total vcore-milliseconds taken by all reduce tasks=21350
		Total megabyte-milliseconds taken by all map tasks=347674624
		Total megabyte-milliseconds taken by all reduce tasks=43724800
	Map-Reduce Framework
		Map input records=23547097
		Map output records=234
		Map output bytes=2340
		Map output materialized bytes=2862
		Input split bytes=1044
		Combine input records=234
		Combine output records=234
		Reduce input groups=26
		Reduce shuffle bytes=2862
		Reduce input records=234
		Reduce output records=26
		Spilled Records=468
		Shuffled Maps =9
		Failed Shuffles=0
		Merged Map outputs=9
		GC time elapsed (ms)=1858
		CPU time spent (ms)=142990
		Physical memory (bytes) snapshot=6814773248
		Virtual memory (bytes) snapshot=38696665088
		Total committed heap usage (bytes)=6522667008
		Peak Map Physical memory (bytes)=789159936
		Peak Map Virtual memory (bytes)=3870740480
		Peak Reduce Physical memory (bytes)=210894848
		Peak Reduce Virtual memory (bytes)=3873959936
	LetterFreq
		total=914290083
	Shuffle Errors
		BAD_ID=0
		CONNECTION=0
		IO_ERROR=0
		WRONG_LENGTH=0
		WRONG_MAP=0
		WRONG_REDUCE=0
	File Input Format Counters 
		Bytes Read=1211161214
	File Output Format Counters 
		Bytes Written=542
2024-06-14 10:21:33,211 INFO client.RMProxy: Connecting to ResourceManager at hadoop-namenode/10.1.1.38:8032
2024-06-14 10:21:33,235 INFO mapreduce.JobResourceUploader: Disabling Erasure Coding for path: /tmp/hadoop-yarn/staging/hadoop/.staging/job_1718201911254_0147
2024-06-14 10:21:33,258 INFO sasl.SaslDataTransferClient: SASL encryption trust check: localHostTrusted = false, remoteHostTrusted = false
2024-06-14 10:21:33,298 INFO input.FileInputFormat: Total input files to process : 1
2024-06-14 10:21:33,315 INFO sasl.SaslDataTransferClient: SASL encryption trust check: localHostTrusted = false, remoteHostTrusted = false
2024-06-14 10:21:33,350 INFO sasl.SaslDataTransferClient: SASL encryption trust check: localHostTrusted = false, remoteHostTrusted = false
2024-06-14 10:21:33,371 INFO mapreduce.JobSubmitter: number of splits:1
2024-06-14 10:21:33,400 INFO sasl.SaslDataTransferClient: SASL encryption trust check: localHostTrusted = false, remoteHostTrusted = false
2024-06-14 10:21:33,454 INFO mapreduce.JobSubmitter: Submitting tokens for job: job_1718201911254_0147
2024-06-14 10:21:33,454 INFO mapreduce.JobSubmitter: Executing with tokens: []
2024-06-14 10:21:33,476 INFO impl.YarnClientImpl: Submitted application application_1718201911254_0147
2024-06-14 10:21:33,481 INFO mapreduce.Job: The url to track the job: http://hadoop-namenode:8088/proxy/application_1718201911254_0147/
2024-06-14 10:21:33,482 INFO mapreduce.Job: Running job: job_1718201911254_0147
2024-06-14 10:21:44,646 INFO mapreduce.Job: Job job_1718201911254_0147 running in uber mode : false
2024-06-14 10:21:44,648 INFO mapreduce.Job:  map 0% reduce 0%
2024-06-14 10:21:49,712 INFO mapreduce.Job:  map 100% reduce 0%
2024-06-14 10:21:54,764 INFO mapreduce.Job:  map 100% reduce 100%
2024-06-14 10:21:54,783 INFO mapreduce.Job: Job job_1718201911254_0147 completed successfully
2024-06-14 10:21:54,837 INFO mapreduce.Job: Counters: 53
	File System Counters
		FILE: Number of bytes read=318
		FILE: Number of bytes written=437395
		FILE: Number of read operations=0
		FILE: Number of large read operations=0
		FILE: Number of write operations=0
		HDFS: Number of bytes read=663
		HDFS: Number of bytes written=585
		HDFS: Number of read operations=9
		HDFS: Number of large read operations=0
		HDFS: Number of write operations=2
	Job Counters 
		Launched map tasks=1
		Launched reduce tasks=1
		Data-local map tasks=1
		Total time spent by all maps in occupied slots (ms)=40336
		Total time spent by all reduces in occupied slots (ms)=41152
		Total time spent by all map tasks (ms)=2521
		Total time spent by all reduce tasks (ms)=2572
		Total vcore-milliseconds taken by all map tasks=2521
		Total vcore-milliseconds taken by all reduce tasks=2572
		Total megabyte-milliseconds taken by all map tasks=5163008
		Total megabyte-milliseconds taken by all reduce tasks=5267456
	Map-Reduce Framework
		Map input records=26
		Map output records=26
		Map output bytes=260
		Map output materialized bytes=318
		Input split bytes=121
		Combine input records=0
		Combine output records=0
		Reduce input groups=26
		Reduce shuffle bytes=318
		Reduce input records=26
		Reduce output records=26
		Spilled Records=52
		Shuffled Maps =1
		Failed Shuffles=0
		Merged Map outputs=1
		GC time elapsed (ms)=140
		CPU time spent (ms)=1180
		Physical memory (bytes) snapshot=521392128
		Virtual memory (bytes) snapshot=7740129280
		Total committed heap usage (bytes)=448266240
		Peak Map Physical memory (bytes)=304939008
		Peak Map Virtual memory (bytes)=3865288704
		Peak Reduce Physical memory (bytes)=216453120
		Peak Reduce Virtual memory (bytes)=3874840576
	Shuffle Errors
		BAD_ID=0
		CONNECTION=0
		IO_ERROR=0
		WRONG_LENGTH=0
		WRONG_MAP=0
		WRONG_REDUCE=0
	File Input Format Counters 
		Bytes Read=542
	File Output Format Counters 
		Bytes Written=585
Execution time: 75.943s
